{"/Users/michaelkozkin/Desktop/project_yandex.kz/stellar-burgers/src/services/store.ts": {"path":"/Users/michaelkozkin/Desktop/project_yandex.kz/stellar-burgers/src/services/store.ts","statementMap":{"0":{"start":{"line":15,"column":27},"end":{"line":22,"column":2}},"1":{"start":{"line":24,"column":14},"end":{"line":27,"column":2}},"2":{"start":{"line":33,"column":46},"end":{"line":33,"column":66}},"3":{"start":{"line":33,"column":52},"end":{"line":33,"column":66}},"4":{"start":{"line":34,"column":60},"end":{"line":34,"column":72}}},"fnMap":{"0":{"name":"(anonymous_0)","decl":{"start":{"line":33,"column":46},"end":{"line":33,"column":47}},"loc":{"start":{"line":33,"column":52},"end":{"line":33,"column":66}},"line":33}},"branchMap":{},"s":{"0":1,"1":1,"2":1,"3":0,"4":1},"f":{"0":0},"b":{},"_coverageSchema":"1a1c01bbd47fc00a2c39e90264f33305004495a9","hash":"3a83a4007b4b03bb14603a05ea4c8093e28fb3e2"}
,"/Users/michaelkozkin/Desktop/project_yandex.kz/stellar-burgers/src/services/slices/constructorSlice.ts": {"path":"/Users/michaelkozkin/Desktop/project_yandex.kz/stellar-burgers/src/services/slices/constructorSlice.ts","statementMap":{"0":{"start":{"line":10,"column":40},"end":{"line":13,"column":1}},"1":{"start":{"line":15,"column":32},"end":{"line":54,"column":2}},"2":{"start":{"line":21,"column":8},"end":{"line":25,"column":9}},"3":{"start":{"line":22,"column":10},"end":{"line":22,"column":37}},"4":{"start":{"line":24,"column":10},"end":{"line":24,"column":49}},"5":{"start":{"line":28,"column":45},"end":{"line":30,"column":7}},"6":{"start":{"line":34,"column":6},"end":{"line":36,"column":8}},"7":{"start":{"line":35,"column":18},"end":{"line":35,"column":44}},"8":{"start":{"line":43,"column":27},"end":{"line":43,"column":41}},"9":{"start":{"line":44,"column":26},"end":{"line":44,"column":48}},"10":{"start":{"line":45,"column":6},"end":{"line":45,"column":64}},"11":{"start":{"line":46,"column":6},"end":{"line":46,"column":38}},"12":{"start":{"line":50,"column":6},"end":{"line":50,"column":23}},"13":{"start":{"line":51,"column":6},"end":{"line":51,"column":29}},"14":{"start":{"line":61,"column":4},"end":{"line":61,"column":28}}},"fnMap":{"0":{"name":"(anonymous_0)","decl":{"start":{"line":20,"column":15},"end":{"line":20,"column":16}},"loc":{"start":{"line":20,"column":73},"end":{"line":26,"column":7}},"line":20},"1":{"name":"(anonymous_1)","decl":{"start":{"line":28,"column":15},"end":{"line":28,"column":16}},"loc":{"start":{"line":28,"column":45},"end":{"line":30,"column":7}},"line":28},"2":{"name":"(anonymous_2)","decl":{"start":{"line":33,"column":22},"end":{"line":33,"column":23}},"loc":{"start":{"line":33,"column":64},"end":{"line":37,"column":5}},"line":33},"3":{"name":"(anonymous_3)","decl":{"start":{"line":35,"column":8},"end":{"line":35,"column":9}},"loc":{"start":{"line":35,"column":18},"end":{"line":35,"column":44}},"line":35},"4":{"name":"(anonymous_4)","decl":{"start":{"line":39,"column":24},"end":{"line":39,"column":25}},"loc":{"start":{"line":42,"column":9},"end":{"line":47,"column":5}},"line":42},"5":{"name":"(anonymous_5)","decl":{"start":{"line":49,"column":22},"end":{"line":49,"column":23}},"loc":{"start":{"line":49,"column":33},"end":{"line":52,"column":5}},"line":49}},"branchMap":{"0":{"loc":{"start":{"line":21,"column":8},"end":{"line":25,"column":9}},"type":"if","locations":[{"start":{"line":21,"column":8},"end":{"line":25,"column":9}},{"start":{"line":23,"column":15},"end":{"line":25,"column":9}}],"line":21}},"s":{"0":2,"1":2,"2":3,"3":2,"4":1,"5":3,"6":1,"7":1,"8":1,"9":1,"10":1,"11":1,"12":0,"13":0,"14":2},"f":{"0":3,"1":3,"2":1,"3":1,"4":1,"5":0},"b":{"0":[2,1]},"_coverageSchema":"1a1c01bbd47fc00a2c39e90264f33305004495a9","hash":"b6945369798ec10a95dd2cdba3a4eab695288419"}
,"/Users/michaelkozkin/Desktop/project_yandex.kz/stellar-burgers/src/services/slices/feedSlice.ts": {"path":"/Users/michaelkozkin/Desktop/project_yandex.kz/stellar-burgers/src/services/slices/feedSlice.ts","statementMap":{"0":{"start":{"line":5,"column":26},"end":{"line":8,"column":1}},"1":{"start":{"line":7,"column":14},"end":{"line":7,"column":33}},"2":{"start":{"line":18,"column":33},"end":{"line":24,"column":1}},"3":{"start":{"line":26,"column":25},"end":{"line":47,"column":2}},"4":{"start":{"line":31,"column":4},"end":{"line":45,"column":9}},"5":{"start":{"line":33,"column":8},"end":{"line":33,"column":31}},"6":{"start":{"line":34,"column":8},"end":{"line":34,"column":27}},"7":{"start":{"line":37,"column":8},"end":{"line":37,"column":32}},"8":{"start":{"line":38,"column":8},"end":{"line":38,"column":45}},"9":{"start":{"line":39,"column":8},"end":{"line":39,"column":43}},"10":{"start":{"line":40,"column":8},"end":{"line":40,"column":53}},"11":{"start":{"line":43,"column":8},"end":{"line":43,"column":32}},"12":{"start":{"line":44,"column":8},"end":{"line":44,"column":70}}},"fnMap":{"0":{"name":"(anonymous_0)","decl":{"start":{"line":7,"column":2},"end":{"line":7,"column":3}},"loc":{"start":{"line":7,"column":14},"end":{"line":7,"column":33}},"line":7},"1":{"name":"(anonymous_1)","decl":{"start":{"line":30,"column":17},"end":{"line":30,"column":18}},"loc":{"start":{"line":30,"column":30},"end":{"line":46,"column":3}},"line":30},"2":{"name":"(anonymous_2)","decl":{"start":{"line":32,"column":35},"end":{"line":32,"column":36}},"loc":{"start":{"line":32,"column":46},"end":{"line":35,"column":7}},"line":32},"3":{"name":"(anonymous_3)","decl":{"start":{"line":36,"column":37},"end":{"line":36,"column":38}},"loc":{"start":{"line":36,"column":56},"end":{"line":41,"column":7}},"line":36},"4":{"name":"(anonymous_4)","decl":{"start":{"line":42,"column":36},"end":{"line":42,"column":37}},"loc":{"start":{"line":42,"column":55},"end":{"line":45,"column":7}},"line":42}},"branchMap":{"0":{"loc":{"start":{"line":44,"column":22},"end":{"line":44,"column":69}},"type":"binary-expr","locations":[{"start":{"line":44,"column":22},"end":{"line":44,"column":42}},{"start":{"line":44,"column":46},"end":{"line":44,"column":69}}],"line":44}},"s":{"0":2,"1":0,"2":2,"3":2,"4":2,"5":1,"6":1,"7":1,"8":1,"9":1,"10":1,"11":1,"12":1},"f":{"0":0,"1":2,"2":1,"3":1,"4":1},"b":{"0":[1,0]},"_coverageSchema":"1a1c01bbd47fc00a2c39e90264f33305004495a9","hash":"8f8a1c4c33f0e1afca0331e126c7d31e102c698e"}
,"/Users/michaelkozkin/Desktop/project_yandex.kz/stellar-burgers/src/services/slices/ingredientsSlice.ts": {"path":"/Users/michaelkozkin/Desktop/project_yandex.kz/stellar-burgers/src/services/slices/ingredientsSlice.ts","statementMap":{"0":{"start":{"line":5,"column":32},"end":{"line":8,"column":1}},"1":{"start":{"line":7,"column":14},"end":{"line":7,"column":33}},"2":{"start":{"line":16,"column":40},"end":{"line":20,"column":1}},"3":{"start":{"line":22,"column":25},"end":{"line":40,"column":2}},"4":{"start":{"line":27,"column":4},"end":{"line":38,"column":9}},"5":{"start":{"line":29,"column":8},"end":{"line":29,"column":31}},"6":{"start":{"line":32,"column":8},"end":{"line":32,"column":32}},"7":{"start":{"line":33,"column":8},"end":{"line":33,"column":43}},"8":{"start":{"line":36,"column":8},"end":{"line":36,"column":32}},"9":{"start":{"line":37,"column":8},"end":{"line":37,"column":54}}},"fnMap":{"0":{"name":"(anonymous_0)","decl":{"start":{"line":7,"column":2},"end":{"line":7,"column":3}},"loc":{"start":{"line":7,"column":14},"end":{"line":7,"column":33}},"line":7},"1":{"name":"(anonymous_1)","decl":{"start":{"line":26,"column":17},"end":{"line":26,"column":18}},"loc":{"start":{"line":26,"column":30},"end":{"line":39,"column":3}},"line":26},"2":{"name":"(anonymous_2)","decl":{"start":{"line":28,"column":41},"end":{"line":28,"column":42}},"loc":{"start":{"line":28,"column":52},"end":{"line":30,"column":7}},"line":28},"3":{"name":"(anonymous_3)","decl":{"start":{"line":31,"column":43},"end":{"line":31,"column":44}},"loc":{"start":{"line":31,"column":62},"end":{"line":34,"column":7}},"line":31},"4":{"name":"(anonymous_4)","decl":{"start":{"line":35,"column":42},"end":{"line":35,"column":43}},"loc":{"start":{"line":35,"column":61},"end":{"line":38,"column":7}},"line":35}},"branchMap":{"0":{"loc":{"start":{"line":37,"column":22},"end":{"line":37,"column":53}},"type":"binary-expr","locations":[{"start":{"line":37,"column":22},"end":{"line":37,"column":42}},{"start":{"line":37,"column":46},"end":{"line":37,"column":53}}],"line":37}},"s":{"0":2,"1":0,"2":2,"3":2,"4":2,"5":1,"6":1,"7":1,"8":1,"9":1},"f":{"0":0,"1":2,"2":1,"3":1,"4":1},"b":{"0":[1,0]},"_coverageSchema":"1a1c01bbd47fc00a2c39e90264f33305004495a9","hash":"4cd997007dc8bbbca532921e6dcc1393f203d43c"}
,"/Users/michaelkozkin/Desktop/project_yandex.kz/stellar-burgers/src/services/slices/orderSlice.ts": {"path":"/Users/michaelkozkin/Desktop/project_yandex.kz/stellar-burgers/src/services/slices/orderSlice.ts","statementMap":{"0":{"start":{"line":5,"column":26},"end":{"line":11,"column":1}},"1":{"start":{"line":8,"column":16},"end":{"line":8,"column":52}},"2":{"start":{"line":9,"column":4},"end":{"line":9,"column":21}},"3":{"start":{"line":19,"column":34},"end":{"line":23,"column":1}},"4":{"start":{"line":25,"column":26},"end":{"line":47,"column":2}},"5":{"start":{"line":30,"column":6},"end":{"line":30,"column":34}},"6":{"start":{"line":34,"column":4},"end":{"line":45,"column":9}},"7":{"start":{"line":36,"column":8},"end":{"line":36,"column":34}},"8":{"start":{"line":39,"column":8},"end":{"line":39,"column":35}},"9":{"start":{"line":40,"column":8},"end":{"line":40,"column":46}},"10":{"start":{"line":43,"column":8},"end":{"line":43,"column":35}},"11":{"start":{"line":44,"column":8},"end":{"line":44,"column":62}},"12":{"start":{"line":49,"column":30},"end":{"line":49,"column":48}}},"fnMap":{"0":{"name":"(anonymous_0)","decl":{"start":{"line":7,"column":2},"end":{"line":7,"column":3}},"loc":{"start":{"line":7,"column":38},"end":{"line":10,"column":3}},"line":7},"1":{"name":"(anonymous_1)","decl":{"start":{"line":29,"column":16},"end":{"line":29,"column":17}},"loc":{"start":{"line":29,"column":27},"end":{"line":31,"column":5}},"line":29},"2":{"name":"(anonymous_2)","decl":{"start":{"line":33,"column":17},"end":{"line":33,"column":18}},"loc":{"start":{"line":33,"column":30},"end":{"line":46,"column":3}},"line":33},"3":{"name":"(anonymous_3)","decl":{"start":{"line":35,"column":35},"end":{"line":35,"column":36}},"loc":{"start":{"line":35,"column":46},"end":{"line":37,"column":7}},"line":35},"4":{"name":"(anonymous_4)","decl":{"start":{"line":38,"column":37},"end":{"line":38,"column":38}},"loc":{"start":{"line":38,"column":56},"end":{"line":41,"column":7}},"line":38},"5":{"name":"(anonymous_5)","decl":{"start":{"line":42,"column":36},"end":{"line":42,"column":37}},"loc":{"start":{"line":42,"column":55},"end":{"line":45,"column":7}},"line":42}},"branchMap":{"0":{"loc":{"start":{"line":44,"column":22},"end":{"line":44,"column":61}},"type":"binary-expr","locations":[{"start":{"line":44,"column":22},"end":{"line":44,"column":42}},{"start":{"line":44,"column":46},"end":{"line":44,"column":61}}],"line":44}},"s":{"0":2,"1":0,"2":0,"3":2,"4":2,"5":1,"6":2,"7":1,"8":1,"9":1,"10":1,"11":1,"12":2},"f":{"0":0,"1":1,"2":2,"3":1,"4":1,"5":1},"b":{"0":[1,0]},"_coverageSchema":"1a1c01bbd47fc00a2c39e90264f33305004495a9","hash":"c709ba14859a31e4ed5139777e68396d12f22880"}
,"/Users/michaelkozkin/Desktop/project_yandex.kz/stellar-burgers/src/services/slices/userOrdersSlice.ts": {"path":"/Users/michaelkozkin/Desktop/project_yandex.kz/stellar-burgers/src/services/slices/userOrdersSlice.ts","statementMap":{"0":{"start":{"line":5,"column":31},"end":{"line":8,"column":1}},"1":{"start":{"line":7,"column":14},"end":{"line":7,"column":34}},"2":{"start":{"line":16,"column":39},"end":{"line":20,"column":1}},"3":{"start":{"line":22,"column":31},"end":{"line":41,"column":2}},"4":{"start":{"line":27,"column":4},"end":{"line":39,"column":9}},"5":{"start":{"line":29,"column":8},"end":{"line":29,"column":31}},"6":{"start":{"line":30,"column":8},"end":{"line":30,"column":27}},"7":{"start":{"line":33,"column":8},"end":{"line":33,"column":32}},"8":{"start":{"line":34,"column":8},"end":{"line":34,"column":38}},"9":{"start":{"line":37,"column":8},"end":{"line":37,"column":32}},"10":{"start":{"line":38,"column":8},"end":{"line":38,"column":72}}},"fnMap":{"0":{"name":"(anonymous_0)","decl":{"start":{"line":7,"column":2},"end":{"line":7,"column":3}},"loc":{"start":{"line":7,"column":14},"end":{"line":7,"column":34}},"line":7},"1":{"name":"(anonymous_1)","decl":{"start":{"line":26,"column":17},"end":{"line":26,"column":18}},"loc":{"start":{"line":26,"column":30},"end":{"line":40,"column":3}},"line":26},"2":{"name":"(anonymous_2)","decl":{"start":{"line":28,"column":40},"end":{"line":28,"column":41}},"loc":{"start":{"line":28,"column":51},"end":{"line":31,"column":7}},"line":28},"3":{"name":"(anonymous_3)","decl":{"start":{"line":32,"column":42},"end":{"line":32,"column":43}},"loc":{"start":{"line":32,"column":61},"end":{"line":35,"column":7}},"line":32},"4":{"name":"(anonymous_4)","decl":{"start":{"line":36,"column":41},"end":{"line":36,"column":42}},"loc":{"start":{"line":36,"column":60},"end":{"line":39,"column":7}},"line":36}},"branchMap":{"0":{"loc":{"start":{"line":38,"column":22},"end":{"line":38,"column":71}},"type":"binary-expr","locations":[{"start":{"line":38,"column":22},"end":{"line":38,"column":42}},{"start":{"line":38,"column":46},"end":{"line":38,"column":71}}],"line":38}},"s":{"0":2,"1":0,"2":2,"3":2,"4":2,"5":1,"6":1,"7":1,"8":1,"9":1,"10":1},"f":{"0":0,"1":2,"2":1,"3":1,"4":1},"b":{"0":[1,0]},"_coverageSchema":"1a1c01bbd47fc00a2c39e90264f33305004495a9","hash":"29fa383fe840ffe7671c45d29e533331fa6efd67"}
,"/Users/michaelkozkin/Desktop/project_yandex.kz/stellar-burgers/src/services/slices/userSlice.ts": {"path":"/Users/michaelkozkin/Desktop/project_yandex.kz/stellar-burgers/src/services/slices/userSlice.ts","statementMap":{"0":{"start":{"line":15,"column":28},"end":{"line":23,"column":1}},"1":{"start":{"line":18,"column":16},"end":{"line":18,"column":43}},"2":{"start":{"line":19,"column":4},"end":{"line":19,"column":46}},"3":{"start":{"line":20,"column":4},"end":{"line":20,"column":59}},"4":{"start":{"line":21,"column":4},"end":{"line":21,"column":20}},"5":{"start":{"line":25,"column":25},"end":{"line":33,"column":1}},"6":{"start":{"line":28,"column":16},"end":{"line":28,"column":40}},"7":{"start":{"line":29,"column":4},"end":{"line":29,"column":46}},"8":{"start":{"line":30,"column":4},"end":{"line":30,"column":59}},"9":{"start":{"line":31,"column":4},"end":{"line":31,"column":20}},"10":{"start":{"line":35,"column":26},"end":{"line":41,"column":1}},"11":{"start":{"line":38,"column":16},"end":{"line":38,"column":41}},"12":{"start":{"line":39,"column":4},"end":{"line":39,"column":20}},"13":{"start":{"line":43,"column":26},"end":{"line":47,"column":2}},"14":{"start":{"line":44,"column":2},"end":{"line":44,"column":20}},"15":{"start":{"line":45,"column":2},"end":{"line":45,"column":30}},"16":{"start":{"line":46,"column":2},"end":{"line":46,"column":42}},"17":{"start":{"line":49,"column":29},"end":{"line":63,"column":1}},"18":{"start":{"line":52,"column":4},"end":{"line":61,"column":5}},"19":{"start":{"line":53,"column":6},"end":{"line":58,"column":46}},"20":{"start":{"line":54,"column":23},"end":{"line":54,"column":50}},"21":{"start":{"line":56,"column":10},"end":{"line":56,"column":50}},"22":{"start":{"line":58,"column":23},"end":{"line":58,"column":44}},"23":{"start":{"line":60,"column":6},"end":{"line":60,"column":28}},"24":{"start":{"line":71,"column":33},"end":{"line":75,"column":1}},"25":{"start":{"line":77,"column":25},"end":{"line":109,"column":2}},"26":{"start":{"line":82,"column":6},"end":{"line":82,"column":33}},"27":{"start":{"line":85,"column":6},"end":{"line":85,"column":34}},"28":{"start":{"line":89,"column":4},"end":{"line":107,"column":9}},"29":{"start":{"line":92,"column":8},"end":{"line":92,"column":36}},"30":{"start":{"line":93,"column":8},"end":{"line":93,"column":35}},"31":{"start":{"line":97,"column":8},"end":{"line":97,"column":36}},"32":{"start":{"line":98,"column":8},"end":{"line":98,"column":35}},"33":{"start":{"line":102,"column":8},"end":{"line":102,"column":36}},"34":{"start":{"line":106,"column":8},"end":{"line":106,"column":26}},"35":{"start":{"line":111,"column":38},"end":{"line":111,"column":55}}},"fnMap":{"0":{"name":"(anonymous_0)","decl":{"start":{"line":17,"column":2},"end":{"line":17,"column":3}},"loc":{"start":{"line":17,"column":33},"end":{"line":22,"column":3}},"line":17},"1":{"name":"(anonymous_1)","decl":{"start":{"line":27,"column":2},"end":{"line":27,"column":3}},"loc":{"start":{"line":27,"column":30},"end":{"line":32,"column":3}},"line":27},"2":{"name":"(anonymous_2)","decl":{"start":{"line":37,"column":2},"end":{"line":37,"column":3}},"loc":{"start":{"line":37,"column":42},"end":{"line":40,"column":3}},"line":37},"3":{"name":"(anonymous_3)","decl":{"start":{"line":43,"column":58},"end":{"line":43,"column":59}},"loc":{"start":{"line":43,"column":70},"end":{"line":47,"column":1}},"line":43},"4":{"name":"(anonymous_4)","decl":{"start":{"line":51,"column":2},"end":{"line":51,"column":3}},"loc":{"start":{"line":51,"column":29},"end":{"line":62,"column":3}},"line":51},"5":{"name":"(anonymous_5)","decl":{"start":{"line":54,"column":14},"end":{"line":54,"column":15}},"loc":{"start":{"line":54,"column":23},"end":{"line":54,"column":50}},"line":54},"6":{"name":"(anonymous_6)","decl":{"start":{"line":55,"column":15},"end":{"line":55,"column":16}},"loc":{"start":{"line":55,"column":21},"end":{"line":57,"column":9}},"line":55},"7":{"name":"(anonymous_7)","decl":{"start":{"line":58,"column":17},"end":{"line":58,"column":18}},"loc":{"start":{"line":58,"column":23},"end":{"line":58,"column":44}},"line":58},"8":{"name":"(anonymous_8)","decl":{"start":{"line":81,"column":15},"end":{"line":81,"column":16}},"loc":{"start":{"line":81,"column":26},"end":{"line":83,"column":5}},"line":81},"9":{"name":"(anonymous_9)","decl":{"start":{"line":84,"column":13},"end":{"line":84,"column":14}},"loc":{"start":{"line":84,"column":32},"end":{"line":86,"column":5}},"line":84},"10":{"name":"(anonymous_10)","decl":{"start":{"line":88,"column":17},"end":{"line":88,"column":18}},"loc":{"start":{"line":88,"column":30},"end":{"line":108,"column":3}},"line":88},"11":{"name":"(anonymous_11)","decl":{"start":{"line":91,"column":39},"end":{"line":91,"column":40}},"loc":{"start":{"line":91,"column":58},"end":{"line":94,"column":7}},"line":91},"12":{"name":"(anonymous_12)","decl":{"start":{"line":96,"column":36},"end":{"line":96,"column":37}},"loc":{"start":{"line":96,"column":55},"end":{"line":99,"column":7}},"line":96},"13":{"name":"(anonymous_13)","decl":{"start":{"line":101,"column":37},"end":{"line":101,"column":38}},"loc":{"start":{"line":101,"column":56},"end":{"line":103,"column":7}},"line":101},"14":{"name":"(anonymous_14)","decl":{"start":{"line":105,"column":37},"end":{"line":105,"column":38}},"loc":{"start":{"line":105,"column":48},"end":{"line":107,"column":7}},"line":105}},"branchMap":{"0":{"loc":{"start":{"line":52,"column":4},"end":{"line":61,"column":5}},"type":"if","locations":[{"start":{"line":52,"column":4},"end":{"line":61,"column":5}},{"start":{"line":59,"column":11},"end":{"line":61,"column":5}}],"line":52}},"s":{"0":2,"1":0,"2":0,"3":0,"4":0,"5":2,"6":0,"7":0,"8":0,"9":0,"10":2,"11":0,"12":0,"13":2,"14":0,"15":0,"16":0,"17":2,"18":0,"19":0,"20":0,"21":0,"22":0,"23":0,"24":2,"25":2,"26":1,"27":1,"28":2,"29":1,"30":1,"31":1,"32":1,"33":1,"34":1,"35":2},"f":{"0":0,"1":0,"2":0,"3":0,"4":0,"5":0,"6":0,"7":0,"8":1,"9":1,"10":2,"11":1,"12":1,"13":1,"14":1},"b":{"0":[0,0]},"_coverageSchema":"1a1c01bbd47fc00a2c39e90264f33305004495a9","hash":"041e2303c3c34f3051fcc159a7052fe815fd467f"}
,"/Users/michaelkozkin/Desktop/project_yandex.kz/stellar-burgers/src/utils/burger-api.ts": {"path":"/Users/michaelkozkin/Desktop/project_yandex.kz/stellar-burgers/src/utils/burger-api.ts","statementMap":{"0":{"start":{"line":4,"column":12},"end":{"line":4,"column":38}},"1":{"start":{"line":6,"column":22},"end":{"line":7,"column":69}},"2":{"start":{"line":7,"column":2},"end":{"line":7,"column":69}},"3":{"start":{"line":7,"column":49},"end":{"line":7,"column":68}},"4":{"start":{"line":18,"column":28},"end":{"line":36,"column":6}},"5":{"start":{"line":19,"column":2},"end":{"line":36,"column":6}},"6":{"start":{"line":28,"column":19},"end":{"line":28,"column":55}},"7":{"start":{"line":30,"column":6},"end":{"line":32,"column":7}},"8":{"start":{"line":31,"column":8},"end":{"line":31,"column":43}},"9":{"start":{"line":33,"column":6},"end":{"line":33,"column":69}},"10":{"start":{"line":34,"column":6},"end":{"line":34,"column":56}},"11":{"start":{"line":35,"column":6},"end":{"line":35,"column":25}},"12":{"start":{"line":38,"column":32},"end":{"line":58,"column":1}},"13":{"start":{"line":42,"column":2},"end":{"line":57,"column":3}},"14":{"start":{"line":43,"column":16},"end":{"line":43,"column":41}},"15":{"start":{"line":44,"column":4},"end":{"line":44,"column":39}},"16":{"start":{"line":46,"column":4},"end":{"line":56,"column":5}},"17":{"start":{"line":47,"column":26},"end":{"line":47,"column":46}},"18":{"start":{"line":48,"column":6},"end":{"line":51,"column":7}},"19":{"start":{"line":49,"column":8},"end":{"line":50,"column":34}},"20":{"start":{"line":52,"column":18},"end":{"line":52,"column":43}},"21":{"start":{"line":53,"column":6},"end":{"line":53,"column":41}},"22":{"start":{"line":55,"column":6},"end":{"line":55,"column":33}},"23":{"start":{"line":74,"column":33},"end":{"line":80,"column":6}},"24":{"start":{"line":75,"column":2},"end":{"line":80,"column":6}},"25":{"start":{"line":76,"column":19},"end":{"line":76,"column":59}},"26":{"start":{"line":78,"column":6},"end":{"line":78,"column":42}},"27":{"start":{"line":78,"column":25},"end":{"line":78,"column":42}},"28":{"start":{"line":79,"column":6},"end":{"line":79,"column":34}},"29":{"start":{"line":82,"column":27},"end":{"line":88,"column":6}},"30":{"start":{"line":83,"column":2},"end":{"line":88,"column":6}},"31":{"start":{"line":84,"column":19},"end":{"line":84,"column":53}},"32":{"start":{"line":86,"column":6},"end":{"line":86,"column":37}},"33":{"start":{"line":86,"column":25},"end":{"line":86,"column":37}},"34":{"start":{"line":87,"column":6},"end":{"line":87,"column":34}},"35":{"start":{"line":90,"column":28},"end":{"line":100,"column":4}},"36":{"start":{"line":91,"column":2},"end":{"line":100,"column":4}},"37":{"start":{"line":98,"column":4},"end":{"line":98,"column":42}},"38":{"start":{"line":98,"column":23},"end":{"line":98,"column":42}},"39":{"start":{"line":99,"column":4},"end":{"line":99,"column":32}},"40":{"start":{"line":107,"column":30},"end":{"line":120,"column":4}},"41":{"start":{"line":108,"column":2},"end":{"line":120,"column":4}},"42":{"start":{"line":118,"column":4},"end":{"line":118,"column":35}},"43":{"start":{"line":118,"column":23},"end":{"line":118,"column":35}},"44":{"start":{"line":119,"column":4},"end":{"line":119,"column":32}},"45":{"start":{"line":126,"column":35},"end":{"line":132,"column":54}},"46":{"start":{"line":127,"column":2},"end":{"line":132,"column":54}},"47":{"start":{"line":132,"column":19},"end":{"line":132,"column":53}},"48":{"start":{"line":146,"column":31},"end":{"line":158,"column":6}},"49":{"start":{"line":147,"column":2},"end":{"line":158,"column":6}},"50":{"start":{"line":154,"column":19},"end":{"line":154,"column":52}},"51":{"start":{"line":156,"column":6},"end":{"line":156,"column":37}},"52":{"start":{"line":156,"column":25},"end":{"line":156,"column":37}},"53":{"start":{"line":157,"column":6},"end":{"line":157,"column":34}},"54":{"start":{"line":165,"column":28},"end":{"line":177,"column":6}},"55":{"start":{"line":166,"column":2},"end":{"line":177,"column":6}},"56":{"start":{"line":173,"column":19},"end":{"line":173,"column":52}},"57":{"start":{"line":175,"column":6},"end":{"line":175,"column":37}},"58":{"start":{"line":175,"column":25},"end":{"line":175,"column":37}},"59":{"start":{"line":176,"column":6},"end":{"line":176,"column":34}},"60":{"start":{"line":179,"column":33},"end":{"line":191,"column":6}},"61":{"start":{"line":180,"column":2},"end":{"line":191,"column":6}},"62":{"start":{"line":187,"column":19},"end":{"line":187,"column":58}},"63":{"start":{"line":189,"column":6},"end":{"line":189,"column":37}},"64":{"start":{"line":189,"column":25},"end":{"line":189,"column":37}},"65":{"start":{"line":190,"column":6},"end":{"line":190,"column":34}},"66":{"start":{"line":193,"column":32},"end":{"line":205,"column":6}},"67":{"start":{"line":194,"column":2},"end":{"line":205,"column":6}},"68":{"start":{"line":201,"column":19},"end":{"line":201,"column":58}},"69":{"start":{"line":203,"column":6},"end":{"line":203,"column":37}},"70":{"start":{"line":203,"column":25},"end":{"line":203,"column":37}},"71":{"start":{"line":204,"column":6},"end":{"line":204,"column":34}},"72":{"start":{"line":209,"column":26},"end":{"line":214,"column":4}},"73":{"start":{"line":210,"column":2},"end":{"line":214,"column":4}},"74":{"start":{"line":216,"column":29},"end":{"line":224,"column":4}},"75":{"start":{"line":217,"column":2},"end":{"line":224,"column":4}},"76":{"start":{"line":226,"column":25},"end":{"line":235,"column":59}},"77":{"start":{"line":227,"column":2},"end":{"line":235,"column":59}},"78":{"start":{"line":235,"column":19},"end":{"line":235,"column":58}}},"fnMap":{"0":{"name":"(anonymous_0)","decl":{"start":{"line":6,"column":22},"end":{"line":6,"column":23}},"loc":{"start":{"line":7,"column":2},"end":{"line":7,"column":69}},"line":7},"1":{"name":"(anonymous_1)","decl":{"start":{"line":7,"column":40},"end":{"line":7,"column":41}},"loc":{"start":{"line":7,"column":49},"end":{"line":7,"column":68}},"line":7},"2":{"name":"(anonymous_2)","decl":{"start":{"line":18,"column":28},"end":{"line":18,"column":29}},"loc":{"start":{"line":19,"column":2},"end":{"line":36,"column":6}},"line":19},"3":{"name":"(anonymous_3)","decl":{"start":{"line":28,"column":10},"end":{"line":28,"column":11}},"loc":{"start":{"line":28,"column":19},"end":{"line":28,"column":55}},"line":28},"4":{"name":"(anonymous_4)","decl":{"start":{"line":29,"column":10},"end":{"line":29,"column":11}},"loc":{"start":{"line":29,"column":27},"end":{"line":36,"column":5}},"line":29},"5":{"name":"(anonymous_5)","decl":{"start":{"line":38,"column":32},"end":{"line":38,"column":33}},"loc":{"start":{"line":41,"column":5},"end":{"line":58,"column":1}},"line":41},"6":{"name":"(anonymous_6)","decl":{"start":{"line":74,"column":33},"end":{"line":74,"column":34}},"loc":{"start":{"line":75,"column":2},"end":{"line":80,"column":6}},"line":75},"7":{"name":"(anonymous_7)","decl":{"start":{"line":76,"column":10},"end":{"line":76,"column":11}},"loc":{"start":{"line":76,"column":19},"end":{"line":76,"column":59}},"line":76},"8":{"name":"(anonymous_8)","decl":{"start":{"line":77,"column":10},"end":{"line":77,"column":11}},"loc":{"start":{"line":77,"column":20},"end":{"line":80,"column":5}},"line":77},"9":{"name":"(anonymous_9)","decl":{"start":{"line":82,"column":27},"end":{"line":82,"column":28}},"loc":{"start":{"line":83,"column":2},"end":{"line":88,"column":6}},"line":83},"10":{"name":"(anonymous_10)","decl":{"start":{"line":84,"column":10},"end":{"line":84,"column":11}},"loc":{"start":{"line":84,"column":19},"end":{"line":84,"column":53}},"line":84},"11":{"name":"(anonymous_11)","decl":{"start":{"line":85,"column":10},"end":{"line":85,"column":11}},"loc":{"start":{"line":85,"column":20},"end":{"line":88,"column":5}},"line":85},"12":{"name":"(anonymous_12)","decl":{"start":{"line":90,"column":28},"end":{"line":90,"column":29}},"loc":{"start":{"line":91,"column":2},"end":{"line":100,"column":4}},"line":91},"13":{"name":"(anonymous_13)","decl":{"start":{"line":97,"column":10},"end":{"line":97,"column":11}},"loc":{"start":{"line":97,"column":20},"end":{"line":100,"column":3}},"line":97},"14":{"name":"(anonymous_14)","decl":{"start":{"line":107,"column":30},"end":{"line":107,"column":31}},"loc":{"start":{"line":108,"column":2},"end":{"line":120,"column":4}},"line":108},"15":{"name":"(anonymous_15)","decl":{"start":{"line":117,"column":10},"end":{"line":117,"column":11}},"loc":{"start":{"line":117,"column":20},"end":{"line":120,"column":3}},"line":117},"16":{"name":"(anonymous_16)","decl":{"start":{"line":126,"column":35},"end":{"line":126,"column":36}},"loc":{"start":{"line":127,"column":2},"end":{"line":132,"column":54}},"line":127},"17":{"name":"(anonymous_17)","decl":{"start":{"line":132,"column":10},"end":{"line":132,"column":11}},"loc":{"start":{"line":132,"column":19},"end":{"line":132,"column":53}},"line":132},"18":{"name":"(anonymous_18)","decl":{"start":{"line":146,"column":31},"end":{"line":146,"column":32}},"loc":{"start":{"line":147,"column":2},"end":{"line":158,"column":6}},"line":147},"19":{"name":"(anonymous_19)","decl":{"start":{"line":154,"column":10},"end":{"line":154,"column":11}},"loc":{"start":{"line":154,"column":19},"end":{"line":154,"column":52}},"line":154},"20":{"name":"(anonymous_20)","decl":{"start":{"line":155,"column":10},"end":{"line":155,"column":11}},"loc":{"start":{"line":155,"column":20},"end":{"line":158,"column":5}},"line":155},"21":{"name":"(anonymous_21)","decl":{"start":{"line":165,"column":28},"end":{"line":165,"column":29}},"loc":{"start":{"line":166,"column":2},"end":{"line":177,"column":6}},"line":166},"22":{"name":"(anonymous_22)","decl":{"start":{"line":173,"column":10},"end":{"line":173,"column":11}},"loc":{"start":{"line":173,"column":19},"end":{"line":173,"column":52}},"line":173},"23":{"name":"(anonymous_23)","decl":{"start":{"line":174,"column":10},"end":{"line":174,"column":11}},"loc":{"start":{"line":174,"column":20},"end":{"line":177,"column":5}},"line":174},"24":{"name":"(anonymous_24)","decl":{"start":{"line":179,"column":33},"end":{"line":179,"column":34}},"loc":{"start":{"line":180,"column":2},"end":{"line":191,"column":6}},"line":180},"25":{"name":"(anonymous_25)","decl":{"start":{"line":187,"column":10},"end":{"line":187,"column":11}},"loc":{"start":{"line":187,"column":19},"end":{"line":187,"column":58}},"line":187},"26":{"name":"(anonymous_26)","decl":{"start":{"line":188,"column":10},"end":{"line":188,"column":11}},"loc":{"start":{"line":188,"column":20},"end":{"line":191,"column":5}},"line":188},"27":{"name":"(anonymous_27)","decl":{"start":{"line":193,"column":32},"end":{"line":193,"column":33}},"loc":{"start":{"line":194,"column":2},"end":{"line":205,"column":6}},"line":194},"28":{"name":"(anonymous_28)","decl":{"start":{"line":201,"column":10},"end":{"line":201,"column":11}},"loc":{"start":{"line":201,"column":19},"end":{"line":201,"column":58}},"line":201},"29":{"name":"(anonymous_29)","decl":{"start":{"line":202,"column":10},"end":{"line":202,"column":11}},"loc":{"start":{"line":202,"column":20},"end":{"line":205,"column":5}},"line":202},"30":{"name":"(anonymous_30)","decl":{"start":{"line":209,"column":26},"end":{"line":209,"column":27}},"loc":{"start":{"line":210,"column":2},"end":{"line":214,"column":4}},"line":210},"31":{"name":"(anonymous_31)","decl":{"start":{"line":216,"column":29},"end":{"line":216,"column":30}},"loc":{"start":{"line":217,"column":2},"end":{"line":224,"column":4}},"line":217},"32":{"name":"(anonymous_32)","decl":{"start":{"line":226,"column":25},"end":{"line":226,"column":26}},"loc":{"start":{"line":227,"column":2},"end":{"line":235,"column":59}},"line":227},"33":{"name":"(anonymous_33)","decl":{"start":{"line":235,"column":10},"end":{"line":235,"column":11}},"loc":{"start":{"line":235,"column":19},"end":{"line":235,"column":58}},"line":235}},"branchMap":{"0":{"loc":{"start":{"line":7,"column":2},"end":{"line":7,"column":69}},"type":"cond-expr","locations":[{"start":{"line":7,"column":11},"end":{"line":7,"column":21}},{"start":{"line":7,"column":24},"end":{"line":7,"column":69}}],"line":7},"1":{"loc":{"start":{"line":30,"column":6},"end":{"line":32,"column":7}},"type":"if","locations":[{"start":{"line":30,"column":6},"end":{"line":32,"column":7}},{"start":{},"end":{}}],"line":30},"2":{"loc":{"start":{"line":46,"column":4},"end":{"line":56,"column":5}},"type":"if","locations":[{"start":{"line":46,"column":4},"end":{"line":56,"column":5}},{"start":{"line":54,"column":11},"end":{"line":56,"column":5}}],"line":46},"3":{"loc":{"start":{"line":48,"column":6},"end":{"line":51,"column":7}},"type":"if","locations":[{"start":{"line":48,"column":6},"end":{"line":51,"column":7}},{"start":{},"end":{}}],"line":48},"4":{"loc":{"start":{"line":78,"column":6},"end":{"line":78,"column":42}},"type":"if","locations":[{"start":{"line":78,"column":6},"end":{"line":78,"column":42}},{"start":{},"end":{}}],"line":78},"5":{"loc":{"start":{"line":86,"column":6},"end":{"line":86,"column":37}},"type":"if","locations":[{"start":{"line":86,"column":6},"end":{"line":86,"column":37}},{"start":{},"end":{}}],"line":86},"6":{"loc":{"start":{"line":98,"column":4},"end":{"line":98,"column":42}},"type":"if","locations":[{"start":{"line":98,"column":4},"end":{"line":98,"column":42}},{"start":{},"end":{}}],"line":98},"7":{"loc":{"start":{"line":118,"column":4},"end":{"line":118,"column":35}},"type":"if","locations":[{"start":{"line":118,"column":4},"end":{"line":118,"column":35}},{"start":{},"end":{}}],"line":118},"8":{"loc":{"start":{"line":156,"column":6},"end":{"line":156,"column":37}},"type":"if","locations":[{"start":{"line":156,"column":6},"end":{"line":156,"column":37}},{"start":{},"end":{}}],"line":156},"9":{"loc":{"start":{"line":175,"column":6},"end":{"line":175,"column":37}},"type":"if","locations":[{"start":{"line":175,"column":6},"end":{"line":175,"column":37}},{"start":{},"end":{}}],"line":175},"10":{"loc":{"start":{"line":189,"column":6},"end":{"line":189,"column":37}},"type":"if","locations":[{"start":{"line":189,"column":6},"end":{"line":189,"column":37}},{"start":{},"end":{}}],"line":189},"11":{"loc":{"start":{"line":203,"column":6},"end":{"line":203,"column":37}},"type":"if","locations":[{"start":{"line":203,"column":6},"end":{"line":203,"column":37}},{"start":{},"end":{}}],"line":203}},"s":{"0":6,"1":6,"2":0,"3":0,"4":6,"5":0,"6":0,"7":0,"8":0,"9":0,"10":0,"11":0,"12":6,"13":0,"14":0,"15":0,"16":0,"17":0,"18":0,"19":0,"20":0,"21":0,"22":0,"23":6,"24":0,"25":0,"26":0,"27":0,"28":0,"29":6,"30":0,"31":0,"32":0,"33":0,"34":0,"35":6,"36":0,"37":0,"38":0,"39":0,"40":6,"41":0,"42":0,"43":0,"44":0,"45":6,"46":0,"47":0,"48":6,"49":0,"50":0,"51":0,"52":0,"53":0,"54":6,"55":0,"56":0,"57":0,"58":0,"59":0,"60":6,"61":0,"62":0,"63":0,"64":0,"65":0,"66":6,"67":0,"68":0,"69":0,"70":0,"71":0,"72":6,"73":0,"74":6,"75":0,"76":6,"77":0,"78":0},"f":{"0":0,"1":0,"2":0,"3":0,"4":0,"5":0,"6":0,"7":0,"8":0,"9":0,"10":0,"11":0,"12":0,"13":0,"14":0,"15":0,"16":0,"17":0,"18":0,"19":0,"20":0,"21":0,"22":0,"23":0,"24":0,"25":0,"26":0,"27":0,"28":0,"29":0,"30":0,"31":0,"32":0,"33":0},"b":{"0":[0,0],"1":[0,0],"2":[0,0],"3":[0,0],"4":[0,0],"5":[0,0],"6":[0,0],"7":[0,0],"8":[0,0],"9":[0,0],"10":[0,0],"11":[0,0]},"_coverageSchema":"1a1c01bbd47fc00a2c39e90264f33305004495a9","hash":"77136b000de8346c5708b287a8a3469b48881a33"}
,"/Users/michaelkozkin/Desktop/project_yandex.kz/stellar-burgers/src/utils/cookie.ts": {"path":"/Users/michaelkozkin/Desktop/project_yandex.kz/stellar-burgers/src/utils/cookie.ts","statementMap":{"0":{"start":{"line":2,"column":18},"end":{"line":9,"column":3}},"1":{"start":{"line":10,"column":2},"end":{"line":10,"column":62}},"2":{"start":{"line":18,"column":2},"end":{"line":21,"column":4}},"3":{"start":{"line":23,"column":12},"end":{"line":23,"column":25}},"4":{"start":{"line":24,"column":2},"end":{"line":28,"column":3}},"5":{"start":{"line":25,"column":14},"end":{"line":25,"column":24}},"6":{"start":{"line":26,"column":4},"end":{"line":26,"column":40}},"7":{"start":{"line":27,"column":4},"end":{"line":27,"column":28}},"8":{"start":{"line":30,"column":2},"end":{"line":32,"column":3}},"9":{"start":{"line":31,"column":4},"end":{"line":31,"column":38}},"10":{"start":{"line":33,"column":2},"end":{"line":33,"column":36}},"11":{"start":{"line":34,"column":22},"end":{"line":34,"column":40}},"12":{"start":{"line":35,"column":2},"end":{"line":41,"column":3}},"13":{"start":{"line":36,"column":4},"end":{"line":36,"column":37}},"14":{"start":{"line":37,"column":22},"end":{"line":37,"column":37}},"15":{"start":{"line":38,"column":4},"end":{"line":40,"column":5}},"16":{"start":{"line":39,"column":6},"end":{"line":39,"column":39}},"17":{"start":{"line":42,"column":2},"end":{"line":42,"column":34}},"18":{"start":{"line":46,"column":2},"end":{"line":46,"column":39}}},"fnMap":{"0":{"name":"getCookie","decl":{"start":{"line":1,"column":16},"end":{"line":1,"column":25}},"loc":{"start":{"line":1,"column":60},"end":{"line":11,"column":1}},"line":1},"1":{"name":"setCookie","decl":{"start":{"line":13,"column":16},"end":{"line":13,"column":25}},"loc":{"start":{"line":17,"column":2},"end":{"line":43,"column":1}},"line":17},"2":{"name":"deleteCookie","decl":{"start":{"line":45,"column":16},"end":{"line":45,"column":28}},"loc":{"start":{"line":45,"column":43},"end":{"line":47,"column":1}},"line":45}},"branchMap":{"0":{"loc":{"start":{"line":10,"column":9},"end":{"line":10,"column":61}},"type":"cond-expr","locations":[{"start":{"line":10,"column":19},"end":{"line":10,"column":49}},{"start":{"line":10,"column":52},"end":{"line":10,"column":61}}],"line":10},"1":{"loc":{"start":{"line":16,"column":2},"end":{"line":16,"column":65}},"type":"default-arg","locations":[{"start":{"line":16,"column":63},"end":{"line":16,"column":65}}],"line":16},"2":{"loc":{"start":{"line":24,"column":2},"end":{"line":28,"column":3}},"type":"if","locations":[{"start":{"line":24,"column":2},"end":{"line":28,"column":3}},{"start":{},"end":{}}],"line":24},"3":{"loc":{"start":{"line":24,"column":6},"end":{"line":24,"column":36}},"type":"binary-expr","locations":[{"start":{"line":24,"column":6},"end":{"line":24,"column":9}},{"start":{"line":24,"column":13},"end":{"line":24,"column":36}}],"line":24},"4":{"loc":{"start":{"line":30,"column":2},"end":{"line":32,"column":3}},"type":"if","locations":[{"start":{"line":30,"column":2},"end":{"line":32,"column":3}},{"start":{},"end":{}}],"line":30},"5":{"loc":{"start":{"line":30,"column":6},"end":{"line":30,"column":32}},"type":"binary-expr","locations":[{"start":{"line":30,"column":6},"end":{"line":30,"column":9}},{"start":{"line":30,"column":13},"end":{"line":30,"column":32}}],"line":30},"6":{"loc":{"start":{"line":38,"column":4},"end":{"line":40,"column":5}},"type":"if","locations":[{"start":{"line":38,"column":4},"end":{"line":40,"column":5}},{"start":{},"end":{}}],"line":38}},"s":{"0":0,"1":0,"2":0,"3":0,"4":0,"5":0,"6":0,"7":0,"8":0,"9":0,"10":0,"11":0,"12":0,"13":0,"14":0,"15":0,"16":0,"17":0,"18":0},"f":{"0":0,"1":0,"2":0},"b":{"0":[0,0],"1":[0],"2":[0,0],"3":[0,0],"4":[0,0],"5":[0,0],"6":[0,0]},"_coverageSchema":"1a1c01bbd47fc00a2c39e90264f33305004495a9","hash":"46960b9c0841930b18508957626cd5f874a0af24"}
}
